<?xml version="1.0" encoding="UTF-8"?>
<testsuite xmlns:xsi="http://www.w3.org/2001/XMLSchema-instance" xsi:noNamespaceSchemaLocation="https://maven.apache.org/surefire/maven-surefire-plugin/xsd/surefire-test-report-3.0.xsd" version="3.0" name="epn.edu.ec.apiairos.infrastructure.inputadapter.ExerciseAPITest" time="0.052" tests="1" errors="0" skipped="0" failures="0">
  <properties>
[...]
</properties>
  <testcase name="getAllExercises" classname="epn.edu.ec.apiairos.infrastructure.inputadapter.ExerciseAPITest" time="0.006">
    <system-out><![CDATA[2023-09-02T10:20:40.624-05:00 DEBUG 134319 --- [           main] .b.t.c.SpringBootTestContextBootstrapper : Neither @ContextConfiguration nor @ContextHierarchy found for test class [ExerciseAPITest]: using SpringBootContextLoader
2023-09-02T10:20:40.625-05:00 DEBUG 134319 --- [           main] o.s.t.c.support.AbstractContextLoader    : Could not detect default resource locations for test class [epn.edu.ec.apiairos.infrastructure.inputadapter.ExerciseAPITest]: no resource found for suffixes {-context.xml, Context.groovy}.
2023-09-02T10:20:40.625-05:00  INFO 134319 --- [           main] t.c.s.AnnotationConfigContextLoaderUtils : Could not detect default configuration classes for test class [epn.edu.ec.apiairos.infrastructure.inputadapter.ExerciseAPITest]: ExerciseAPITest does not declare any static, non-private, non-final, nested classes annotated with @Configuration.
2023-09-02T10:20:40.629-05:00 DEBUG 134319 --- [           main] .b.t.c.SpringBootTestContextBootstrapper : Using ContextCustomizers for test class [ExerciseAPITest]: [ExcludeFilterContextCustomizer, HttpGraphQlTesterContextCustomizer, DuplicateJsonObjectContextCustomizer, MockitoContextCustomizer, TestRestTemplateContextCustomizer, WebTestClientContextCustomizer, DisableObservabilityContextCustomizer, PropertyMappingContextCustomizer, WebDriverContextCustomizer]
2023-09-02T10:20:40.644-05:00 DEBUG 134319 --- [           main] ssPathScanningCandidateComponentProvider : Identified candidate component class: file [/home/labctrl/Downloads/APIAiros/APIGym/target/classes/epn/edu/ec/apiairos/ApiAirosApplication.class]
2023-09-02T10:20:40.645-05:00  INFO 134319 --- [           main] .b.t.c.SpringBootTestContextBootstrapper : Found @SpringBootConfiguration epn.edu.ec.apiairos.ApiAirosApplication for test class epn.edu.ec.apiairos.infrastructure.inputadapter.ExerciseAPITest
2023-09-02T10:20:40.647-05:00 DEBUG 134319 --- [           main] .b.t.c.SpringBootTestContextBootstrapper : Using TestExecutionListeners for test class [ExerciseAPITest]: [ServletTestExecutionListener, DirtiesContextBeforeModesTestExecutionListener, ApplicationEventsTestExecutionListener, MockitoTestExecutionListener, DependencyInjectionTestExecutionListener, MicrometerObservationRegistryTestExecutionListener, DirtiesContextTestExecutionListener, TransactionalTestExecutionListener, SqlScriptsTestExecutionListener, EventPublishingTestExecutionListener, WithSecurityContextTestExecutionListener, ReactorContextTestExecutionListener, ResetMocksTestExecutionListener, RestDocsTestExecutionListener, MockRestServiceServerResetTestExecutionListener, MockMvcPrintOnlyOnFailureTestExecutionListener, WebDriverTestExecutionListener, MockWebServiceServerTestExecutionListener]
2023-09-02T10:20:40.647-05:00 DEBUG 134319 --- [           main] sContextBeforeModesTestExecutionListener : Before test class: class [ExerciseAPITest], class annotated with @DirtiesContext [false] with mode [null]
2023-09-02T10:20:40.647-05:00 DEBUG 134319 --- [           main] org.springframework.test.context.cache   : Spring test ApplicationContext cache statistics: [DefaultContextCache@2e5ff1d4 size = 1, maxSize = 32, parentContextCount = 0, hitCount = 40, missCount = 1]
2023-09-02T10:20:40.662-05:00 DEBUG 134319 --- [           main] DependencyInjectionTestExecutionListener : Performing dependency injection for test class epn.edu.ec.apiairos.infrastructure.inputadapter.ExerciseAPITest
2023-09-02T10:20:40.663-05:00 DEBUG 134319 --- [           main] org.springframework.test.context.cache   : Spring test ApplicationContext cache statistics: [DefaultContextCache@2e5ff1d4 size = 1, maxSize = 32, parentContextCount = 0, hitCount = 41, missCount = 1]
2023-09-02T10:20:40.663-05:00 DEBUG 134319 --- [           main] org.springframework.test.context.cache   : Spring test ApplicationContext cache statistics: [DefaultContextCache@2e5ff1d4 size = 1, maxSize = 32, parentContextCount = 0, hitCount = 42, missCount = 1]
2023-09-02T10:20:40.664-05:00 DEBUG 134319 --- [           main] sContextBeforeModesTestExecutionListener : Before test method: class [ExerciseAPITest], method [getAllExercises], class annotated with @DirtiesContext [false] with mode [null], method annotated with @DirtiesContext [false] with mode [null]
2023-09-02T10:20:40.664-05:00 DEBUG 134319 --- [           main] org.springframework.test.context.cache   : Spring test ApplicationContext cache statistics: [DefaultContextCache@2e5ff1d4 size = 1, maxSize = 32, parentContextCount = 0, hitCount = 43, missCount = 1]
2023-09-02T10:20:40.665-05:00 DEBUG 134319 --- [           main] org.springframework.test.context.cache   : Spring test ApplicationContext cache statistics: [DefaultContextCache@2e5ff1d4 size = 1, maxSize = 32, parentContextCount = 0, hitCount = 44, missCount = 1]
2023-09-02T10:20:40.665-05:00 DEBUG 134319 --- [           main] org.springframework.test.context.cache   : Spring test ApplicationContext cache statistics: [DefaultContextCache@2e5ff1d4 size = 1, maxSize = 32, parentContextCount = 0, hitCount = 45, missCount = 1]
2023-09-02T10:20:40.666-05:00 DEBUG 134319 --- [           main] org.springframework.test.context.cache   : Spring test ApplicationContext cache statistics: [DefaultContextCache@2e5ff1d4 size = 1, maxSize = 32, parentContextCount = 0, hitCount = 46, missCount = 1]
2023-09-02T10:20:40.667-05:00 DEBUG 134319 --- [           main] org.springframework.test.context.cache   : Spring test ApplicationContext cache statistics: [DefaultContextCache@2e5ff1d4 size = 1, maxSize = 32, parentContextCount = 0, hitCount = 47, missCount = 1]
2023-09-02T10:20:40.667-05:00 DEBUG 134319 --- [           main] org.springframework.test.context.cache   : Spring test ApplicationContext cache statistics: [DefaultContextCache@2e5ff1d4 size = 1, maxSize = 32, parentContextCount = 0, hitCount = 48, missCount = 1]
2023-09-02T10:20:40.668-05:00 DEBUG 134319 --- [           main] org.springframework.test.context.cache   : Spring test ApplicationContext cache statistics: [DefaultContextCache@2e5ff1d4 size = 1, maxSize = 32, parentContextCount = 0, hitCount = 49, missCount = 1]
2023-09-02T10:20:40.668-05:00 DEBUG 134319 --- [           main] org.springframework.test.context.cache   : Spring test ApplicationContext cache statistics: [DefaultContextCache@2e5ff1d4 size = 1, maxSize = 32, parentContextCount = 0, hitCount = 50, missCount = 1]
2023-09-02T10:20:40.668-05:00 DEBUG 134319 --- [           main] org.springframework.test.context.cache   : Spring test ApplicationContext cache statistics: [DefaultContextCache@2e5ff1d4 size = 1, maxSize = 32, parentContextCount = 0, hitCount = 51, missCount = 1]
2023-09-02T10:20:40.669-05:00 DEBUG 134319 --- [           main] org.springframework.test.context.cache   : Spring test ApplicationContext cache statistics: [DefaultContextCache@2e5ff1d4 size = 1, maxSize = 32, parentContextCount = 0, hitCount = 52, missCount = 1]
2023-09-02T10:20:40.670-05:00 DEBUG 134319 --- [           main] org.springframework.test.context.cache   : Spring test ApplicationContext cache statistics: [DefaultContextCache@2e5ff1d4 size = 1, maxSize = 32, parentContextCount = 0, hitCount = 53, missCount = 1]
2023-09-02T10:20:40.670-05:00 DEBUG 134319 --- [           main] .c.s.DirtiesContextTestExecutionListener : After test method: class [ExerciseAPITest], method [getAllExercises], class annotated with @DirtiesContext [false] with mode [null], method annotated with @DirtiesContext [false] with mode [null]
]]></system-out>
  </testcase>
</testsuite>